time="2026-03-27T19:26:00+05:00" level=warning msg="/Users/bekzatshaiyrgozha/Documents/fashion-ai-stylist/backend/docker-compose.yml: the attribute `version` is obsolete, it will be ignored, please remove it to avoid potential confusion"
 Image backend-api Building 
#1 [internal] load local bake definitions
#1 reading from stdin 562B done
#1 DONE 0.0s

#2 [internal] load build definition from Dockerfile
#2 transferring dockerfile: 1.05kB done
#2 DONE 0.0s

#3 [internal] load metadata for docker.io/library/python:3.11-slim
#3 ERROR: error getting credentials - err: exec: "docker-credential-desktop": executable file not found in $PATH, out: ``
------
 > [internal] load metadata for docker.io/library/python:3.11-slim:
------
Dockerfile:1

--------------------

   1 | >>> FROM python:3.11-slim

   2 |     

   3 |     ENV PYTHONDONTWRITEBYTECODE=1

--------------------

failed to solve: error getting credentials - err: exec: "docker-credential-desktop": executable file not found in $PATH, out: ``



View build details: docker-desktop://dashboard/build/default/default/7paucbph924zlcrsxz9ozzkwg

